Using pre-set license
Built from '2020.3/staging' branch; Version is '2020.3.29f1 (2ff179115da0) revision 3142009'; Using compiler version '192528614'; Build Type 'Release'
OS: 'Windows 10  (10.0.19042) 64bit Core' Language: 'en' Physical Memory: 6082 MB
BatchMode: 1, IsHumanControllingUs: 0, StartBugReporterOnCrash: 0, Is64bit: 1, IsPro: 0

COMMAND LINE ARGUMENTS:
C:\Program Files\Unity Projects\2020.3.29f1\Editor\Unity.exe
-adb2
-batchMode
-noUpm
-name
AssetImportWorker1
-projectPath
C:/Users/yunyu/Downloads/ispgamev2123/ispgamev2
-logFile
Logs/AssetImportWorker1.log
-srvPort
51997
Successfully changed project path to: C:/Users/yunyu/Downloads/ispgamev2123/ispgamev2
C:/Users/yunyu/Downloads/ispgamev2123/ispgamev2
Using Asset Import Pipeline V2.
Refreshing native plugins compatible for Editor in 85.34 ms, found 2 plugins.
Preloading 0 native plugins for Editor in 0.00 ms.
Initialize engine version: 2020.3.29f1 (2ff179115da0)
[Subsystems] Discovering subsystems at path C:/Program Files/Unity Projects/2020.3.29f1/Editor/Data/Resources/UnitySubsystems
[Subsystems] Discovering subsystems at path C:/Users/yunyu/Downloads/ispgamev2123/ispgamev2/Assets
GfxDevice: creating device client; threaded=0
Direct3D:
    Version:  Direct3D 11.0 [level 11.1]
    Renderer: AMD Radeon(TM) Vega 8 Graphics (ID=0x15d8)
    Vendor:   
    VRAM:     3041 MB
    Driver:   25.20.14118.3002
Initialize mono
Mono path[0] = 'C:/Program Files/Unity Projects/2020.3.29f1/Editor/Data/Managed'
Mono path[1] = 'C:/Program Files/Unity Projects/2020.3.29f1/Editor/Data/MonoBleedingEdge/lib/mono/unityjit'
Mono config path = 'C:/Program Files/Unity Projects/2020.3.29f1/Editor/Data/MonoBleedingEdge/etc'
Using monoOptions --debugger-agent=transport=dt_socket,embedding=1,server=y,suspend=n,address=127.0.0.1:56536
Begin MonoManager ReloadAssembly
Registering precompiled unity dll's ...
Register platform support module: C:/Program Files/Unity Projects/2020.3.29f1/Editor/Data/PlaybackEngines/WindowsStandaloneSupport/UnityEditor.WindowsStandalone.Extensions.dll
Registered in 0.007063 seconds.
Native extension for WindowsStandalone target not found
Refreshing native plugins compatible for Editor in 109.91 ms, found 2 plugins.
Preloading 0 native plugins for Editor in 0.00 ms.
Mono: successfully reloaded assembly
- Completed reload, in  1.597 seconds
Domain Reload Profiling:
	ReloadAssembly (1597ms)
		BeginReloadAssembly (184ms)
			ExecutionOrderSort (0ms)
			DisableScriptedObjects (0ms)
			BackupInstance (0ms)
			ReleaseScriptingObjects (0ms)
			CreateAndSetChildDomain (2ms)
		EndReloadAssembly (1212ms)
			LoadAssemblies (176ms)
			RebuildTransferFunctionScriptingTraits (0ms)
			SetupTypeCache (415ms)
			ReleaseScriptCaches (0ms)
			RebuildScriptCaches (61ms)
			SetupLoadedEditorAssemblies (431ms)
				LogAssemblyErrors (0ms)
				InitializePlatformSupportModulesInManaged (14ms)
				SetLoadedEditorAssemblies (0ms)
				RefreshPlugins (110ms)
				BeforeProcessingInitializeOnLoad (38ms)
				ProcessInitializeOnLoadAttributes (196ms)
				ProcessInitializeOnLoadMethodAttributes (72ms)
				AfterProcessingInitializeOnLoad (0ms)
				EditorAssembliesLoaded (0ms)
			ExecutionOrderSort2 (0ms)
			AwakeInstancesAfterBackupRestoration (0ms)
Platform modules already initialized, skipping
Registering precompiled user dll's ...
Registered in 0.020642 seconds.
Begin MonoManager ReloadAssembly
Native extension for WindowsStandalone target not found
Refreshing native plugins compatible for Editor in 1.01 ms, found 2 plugins.
Preloading 0 native plugins for Editor in 0.00 ms.
Mono: successfully reloaded assembly
- Completed reload, in  7.828 seconds
Domain Reload Profiling:
	ReloadAssembly (7845ms)
		BeginReloadAssembly (482ms)
			ExecutionOrderSort (0ms)
			DisableScriptedObjects (9ms)
			BackupInstance (0ms)
			ReleaseScriptingObjects (0ms)
			CreateAndSetChildDomain (78ms)
		EndReloadAssembly (7055ms)
			LoadAssemblies (5124ms)
			RebuildTransferFunctionScriptingTraits (0ms)
			SetupTypeCache (663ms)
			ReleaseScriptCaches (1ms)
			RebuildScriptCaches (90ms)
			SetupLoadedEditorAssemblies (943ms)
				LogAssemblyErrors (0ms)
				InitializePlatformSupportModulesInManaged (9ms)
				SetLoadedEditorAssemblies (1ms)
				RefreshPlugins (1ms)
				BeforeProcessingInitializeOnLoad (210ms)
				ProcessInitializeOnLoadAttributes (638ms)
				ProcessInitializeOnLoadMethodAttributes (51ms)
				AfterProcessingInitializeOnLoad (30ms)
				EditorAssembliesLoaded (1ms)
			ExecutionOrderSort2 (0ms)
			AwakeInstancesAfterBackupRestoration (16ms)
Platform modules already initialized, skipping
========================================================================
Worker process is ready to serve import requests
Launched and connected shader compiler UnityShaderCompiler.exe after 0.20 seconds
Refreshing native plugins compatible for Editor in 1.05 ms, found 2 plugins.
Preloading 0 native plugins for Editor in 0.00 ms.
Unloading 1822 Unused Serialized files (Serialized files now loaded: 0)
System memory in use before: 92.6 MB.
System memory in use after: 92.7 MB.

Unloading 21 unused Assets to reduce memory usage. Loaded Objects now: 2266.
Total: 8.052200 ms (FindLiveObjects: 0.377800 ms CreateObjectMapping: 0.109700 ms MarkObjects: 7.323500 ms  DeleteObjects: 0.238300 ms)

AssetImportParameters requested are different than current active one (requested -> active):
  custom:framework-win-MediaFoundation: 216162199b28c13a410421893ffa2e32 -> 
  custom:video-decoder-ogg-theora: a1e56fd34408186e4bbccfd4996cb3dc -> 
  custom:container-muxer-webm: aa71ff27fc2769a1b78a27578f13a17b -> 
  custom:container-demuxer-webm: 4f35f7cbe854078d1ac9338744f61a02 -> 
  custom:container-demuxer-ogg: 62fdf1f143b41e24485cea50d1cbac27 -> 
  custom:video-encoder-webm-vp8: eb34c28f22e8b96e1ab97ce403110664 -> 
  custom:video-codec-MediaFoundation-h265: 746d11721c4dcdbdad8f713fa42b33f4 -> 
  custom:video-decoder-webm-vp8: 9c59270c3fd7afecdb556c50c9e8de78 -> 
  custom:audio-decoder-ogg-vorbis: bf7c407c2cedff20999df2af8eb42d56 -> 
  custom:audio-encoder-webm-vorbis: bf7c407c2cedff20999df2af8eb42d56 -> 
========================================================================
Received Import Request.
  path: Assets/Photon/PhotonUnityNetworking/Resources/PhotonServerSettings.asset
  artifactKey: Guid(3c12dec1a0c96fd4588ad961a56e3c50) Importer(815301076,1909f56bfc062723c751e8b465ee728b)
Start importing Assets/Photon/PhotonUnityNetworking/Resources/PhotonServerSettings.asset using Guid(3c12dec1a0c96fd4588ad961a56e3c50) Importer(815301076,1909f56bfc062723c751e8b465ee728b)  -> (artifact id: '86d54c79720e208b0a1a250107de604f') in 0.137981 seconds 
  Import took 0.149948 seconds .

========================================================================
Received Import Request.
  Time since last request: 41.376570 seconds.
  path: Assets/Prefabs
  artifactKey: Guid(c5715b69172ea414aa2ced36c16ca8b0) Importer(815301076,1909f56bfc062723c751e8b465ee728b)
Start importing Assets/Prefabs using Guid(c5715b69172ea414aa2ced36c16ca8b0) Importer(815301076,1909f56bfc062723c751e8b465ee728b)  -> (artifact id: '48d3a3e222f88a70420d7fd70cba2cb8') in 0.020383 seconds 
  Import took 0.027616 seconds .

========================================================================
Received Import Request.
  Time since last request: 0.377724 seconds.
  path: Assets/Resources
  artifactKey: Guid(da17a9c93ce7c2743aebe51a233fd62e) Importer(815301076,1909f56bfc062723c751e8b465ee728b)
Start importing Assets/Resources using Guid(da17a9c93ce7c2743aebe51a233fd62e) Importer(815301076,1909f56bfc062723c751e8b465ee728b)  -> (artifact id: '75cdf7f354de87ac6d24bc4056f77769') in 0.105672 seconds 
  Import took 0.113213 seconds .

========================================================================
Received Import Request.
  Time since last request: 2.681765 seconds.
  path: Assets/Resources/PhotonPrefabs
  artifactKey: Guid(90003dc9d5f90cb46b44727edda74677) Importer(815301076,1909f56bfc062723c751e8b465ee728b)
Start importing Assets/Resources/PhotonPrefabs using Guid(90003dc9d5f90cb46b44727edda74677) Importer(815301076,1909f56bfc062723c751e8b465ee728b)  -> (artifact id: '6ec667787509ca49c9a02ee866e57382') in 0.025513 seconds 
  Import took 0.032546 seconds .

========================================================================
Received Import Request.
  Time since last request: 0.646370 seconds.
  path: Assets/Resources/PhotonPrefabs/PlayerManager.prefab
  artifactKey: Guid(18cda8990ed97fc45be41357578bf333) Importer(815301076,1909f56bfc062723c751e8b465ee728b)
Start importing Assets/Resources/PhotonPrefabs/PlayerManager.prefab using Guid(18cda8990ed97fc45be41357578bf333) Importer(815301076,1909f56bfc062723c751e8b465ee728b)  -> (artifact id: '164c748127ec3834102cf005006b4c7c') in 0.068420 seconds 
  Import took 0.076109 seconds .

========================================================================
Received Prepare
Registering precompiled user dll's ...
Registered in 0.013430 seconds.
Begin MonoManager ReloadAssembly
Native extension for WindowsStandalone target not found
Refreshing native plugins compatible for Editor in 1.04 ms, found 2 plugins.
Preloading 0 native plugins for Editor in 0.00 ms.
Mono: successfully reloaded assembly
- Completed reload, in  2.700 seconds
Domain Reload Profiling:
	ReloadAssembly (2701ms)
		BeginReloadAssembly (312ms)
			ExecutionOrderSort (0ms)
			DisableScriptedObjects (10ms)
			BackupInstance (0ms)
			ReleaseScriptingObjects (0ms)
			CreateAndSetChildDomain (88ms)
		EndReloadAssembly (2214ms)
			LoadAssemblies (418ms)
			RebuildTransferFunctionScriptingTraits (0ms)
			SetupTypeCache (716ms)
			ReleaseScriptCaches (2ms)
			RebuildScriptCaches (88ms)
			SetupLoadedEditorAssemblies (775ms)
				LogAssemblyErrors (0ms)
				InitializePlatformSupportModulesInManaged (10ms)
				SetLoadedEditorAssemblies (1ms)
				RefreshPlugins (1ms)
				BeforeProcessingInitializeOnLoad (194ms)
				ProcessInitializeOnLoadAttributes (526ms)
				ProcessInitializeOnLoadMethodAttributes (20ms)
				AfterProcessingInitializeOnLoad (23ms)
				EditorAssembliesLoaded (1ms)
			ExecutionOrderSort2 (0ms)
			AwakeInstancesAfterBackupRestoration (15ms)
Platform modules already initialized, skipping
Refreshing native plugins compatible for Editor in 1.37 ms, found 2 plugins.
Preloading 0 native plugins for Editor in 0.00 ms.
Unloading 1786 Unused Serialized files (Serialized files now loaded: 0)
System memory in use before: 89.6 MB.
System memory in use after: 89.7 MB.

Unloading 16 unused Assets to reduce memory usage. Loaded Objects now: 2268.
Total: 7.934200 ms (FindLiveObjects: 0.382100 ms CreateObjectMapping: 0.118200 ms MarkObjects: 7.369600 ms  DeleteObjects: 0.061800 ms)

AssetImportParameters requested are different than current active one (requested -> active):
  custom:framework-win-MediaFoundation: 216162199b28c13a410421893ffa2e32 -> 
  custom:video-decoder-ogg-theora: a1e56fd34408186e4bbccfd4996cb3dc -> 
  custom:container-muxer-webm: aa71ff27fc2769a1b78a27578f13a17b -> 
  custom:container-demuxer-webm: 4f35f7cbe854078d1ac9338744f61a02 -> 
  custom:container-demuxer-ogg: 62fdf1f143b41e24485cea50d1cbac27 -> 
  custom:video-encoder-webm-vp8: eb34c28f22e8b96e1ab97ce403110664 -> 
  custom:video-codec-MediaFoundation-h265: 746d11721c4dcdbdad8f713fa42b33f4 -> 
  custom:video-decoder-webm-vp8: 9c59270c3fd7afecdb556c50c9e8de78 -> 
  custom:audio-decoder-ogg-vorbis: bf7c407c2cedff20999df2af8eb42d56 -> 
  custom:audio-encoder-webm-vorbis: bf7c407c2cedff20999df2af8eb42d56 -> 
========================================================================
Received Import Request.
  Time since last request: 6.810791 seconds.
  path: Assets/Resources/PhotonPrefabs/PlayerController.prefab
  artifactKey: Guid(344b29e78c596ad47b6e205062ce74a6) Importer(815301076,1909f56bfc062723c751e8b465ee728b)
Start importing Assets/Resources/PhotonPrefabs/PlayerController.prefab using Guid(344b29e78c596ad47b6e205062ce74a6) Importer(815301076,1909f56bfc062723c751e8b465ee728b)  -> (artifact id: 'a43714e8a5388dbc33c66142f7e690a2') in 0.627282 seconds 
  Import took 0.635962 seconds .

========================================================================
Received Import Request.
  Time since last request: 3.238003 seconds.
  path: Assets/Resources/PhotonPrefabs/PlayerController.prefab
  artifactKey: Guid(344b29e78c596ad47b6e205062ce74a6) Importer(815301076,1909f56bfc062723c751e8b465ee728b)
Start importing Assets/Resources/PhotonPrefabs/PlayerController.prefab using Guid(344b29e78c596ad47b6e205062ce74a6) Importer(815301076,1909f56bfc062723c751e8b465ee728b)  -> (artifact id: 'c91f7cd4102d6f2f33309b0bd3621342') in 0.093512 seconds 
  Import took 0.100854 seconds .

========================================================================
Received Import Request.
  Time since last request: 3.982157 seconds.
  path: Assets/Resources/PhotonPrefabs/PlayerController.prefab
  artifactKey: Guid(344b29e78c596ad47b6e205062ce74a6) Importer(815301076,1909f56bfc062723c751e8b465ee728b)
Start importing Assets/Resources/PhotonPrefabs/PlayerController.prefab using Guid(344b29e78c596ad47b6e205062ce74a6) Importer(815301076,1909f56bfc062723c751e8b465ee728b)  -> (artifact id: '922b9866ad777e7b7f7df478c100f802') in 0.079939 seconds 
  Import took 0.089708 seconds .

========================================================================
Received Import Request.
  Time since last request: 2.725473 seconds.
  path: Assets/Resources/PhotonPrefabs/PlayerController.prefab
  artifactKey: Guid(344b29e78c596ad47b6e205062ce74a6) Importer(815301076,1909f56bfc062723c751e8b465ee728b)
Start importing Assets/Resources/PhotonPrefabs/PlayerController.prefab using Guid(344b29e78c596ad47b6e205062ce74a6) Importer(815301076,1909f56bfc062723c751e8b465ee728b)  -> (artifact id: '410f30036f6b3683c0daea7e0bfebb8e') in 0.093628 seconds 
  Import took 0.102764 seconds .

========================================================================
Received Import Request.
  Time since last request: 32.748881 seconds.
  path: Assets/SpaceUnity
  artifactKey: Guid(e65a4a996dd906c4d9b4cc37346f20bf) Importer(815301076,1909f56bfc062723c751e8b465ee728b)
Start importing Assets/SpaceUnity using Guid(e65a4a996dd906c4d9b4cc37346f20bf) Importer(815301076,1909f56bfc062723c751e8b465ee728b)  -> (artifact id: 'e5ba26596f72c0f34994a5093cae9a08') in 0.101798 seconds 
  Import took 0.109368 seconds .

========================================================================
Received Import Request.
  Time since last request: 3.156980 seconds.
  path: Assets/SpaceUnity/_Demo
  artifactKey: Guid(9f393158019bc3a45ac50216a2aa1738) Importer(815301076,1909f56bfc062723c751e8b465ee728b)
Start importing Assets/SpaceUnity/_Demo using Guid(9f393158019bc3a45ac50216a2aa1738) Importer(815301076,1909f56bfc062723c751e8b465ee728b)  -> (artifact id: 'dccb697ec8f240b0ef54a2b272043cd8') in 0.020050 seconds 
  Import took 0.027732 seconds .

========================================================================
Received Import Request.
  Time since last request: 7.639746 seconds.
  path: Assets/SpaceUnity/Editor
  artifactKey: Guid(1bf4b1cc9f5d291438ef9964d8d85334) Importer(815301076,1909f56bfc062723c751e8b465ee728b)
Start importing Assets/SpaceUnity/Editor using Guid(1bf4b1cc9f5d291438ef9964d8d85334) Importer(815301076,1909f56bfc062723c751e8b465ee728b)  -> (artifact id: '92eedd9d2a1255842ec4ca01fce4fc85') in 0.024211 seconds 
  Import took 0.032791 seconds .

========================================================================
Received Import Request.
  Time since last request: 24.903069 seconds.
  path: Assets/SpaceUnity/Editor/SU_SpaceSceneConstructionKitEditor.cs
  artifactKey: Guid(263e9f4a52e973b47bf517965eb2489e) Importer(815301076,1909f56bfc062723c751e8b465ee728b)
Start importing Assets/SpaceUnity/Editor/SU_SpaceSceneConstructionKitEditor.cs using Guid(263e9f4a52e973b47bf517965eb2489e) Importer(815301076,1909f56bfc062723c751e8b465ee728b)  -> (artifact id: '457cc6e8694267a4e5b513c5b353b765') in 0.070127 seconds 
  Import took 0.077598 seconds .

========================================================================
Received Import Request.
  Time since last request: 1.271147 seconds.
  path: Assets/SpaceUnity/Editor/SU_AsteroidFieldEditor.cs
  artifactKey: Guid(8bab2c7475b78414cb102e4aefec4c80) Importer(815301076,1909f56bfc062723c751e8b465ee728b)
Start importing Assets/SpaceUnity/Editor/SU_AsteroidFieldEditor.cs using Guid(8bab2c7475b78414cb102e4aefec4c80) Importer(815301076,1909f56bfc062723c751e8b465ee728b)  -> (artifact id: 'ade61486142b81783ebb1d1e261c8e10') in 0.018541 seconds 
  Import took 0.025873 seconds .

========================================================================
Received Import Request.
  Time since last request: 12.382417 seconds.
  path: Assets/SpaceUnity/Prefabs
  artifactKey: Guid(900f299d56f53f44fbc3e7521f7ccbcf) Importer(815301076,1909f56bfc062723c751e8b465ee728b)
Start importing Assets/SpaceUnity/Prefabs using Guid(900f299d56f53f44fbc3e7521f7ccbcf) Importer(815301076,1909f56bfc062723c751e8b465ee728b)  -> (artifact id: '561784efe6a8b539d575646a82aa55ae') in 0.009147 seconds 
  Import took 0.016478 seconds .

========================================================================
Received Import Request.
  Time since last request: 0.966079 seconds.
  path: Assets/SpaceUnity/Prefabs/CameraEffects
  artifactKey: Guid(e0a1690e634a864408257c3a1b85024e) Importer(815301076,1909f56bfc062723c751e8b465ee728b)
Start importing Assets/SpaceUnity/Prefabs/CameraEffects using Guid(e0a1690e634a864408257c3a1b85024e) Importer(815301076,1909f56bfc062723c751e8b465ee728b)  -> (artifact id: '5000a56fac5fb2fcdd7f8c6373328ca6') in 0.021261 seconds 
  Import took 0.028866 seconds .

========================================================================
Received Import Request.
  Time since last request: 0.552882 seconds.
  path: Assets/SpaceUnity/Prefabs/SpaceSceneElements
  artifactKey: Guid(ad902e31e1274db4b8c04574c56e9cff) Importer(815301076,1909f56bfc062723c751e8b465ee728b)
Start importing Assets/SpaceUnity/Prefabs/SpaceSceneElements using Guid(ad902e31e1274db4b8c04574c56e9cff) Importer(815301076,1909f56bfc062723c751e8b465ee728b)  -> (artifact id: '906eb442b53e863a6611bdb00972ed4a') in 0.019155 seconds 
  Import took 0.026562 seconds .

========================================================================
Received Import Request.
  Time since last request: 0.070536 seconds.
  path: Assets/SpaceUnity/Prefabs/SpaceSceneElements/Galaxy.prefab
  artifactKey: Guid(8c5fc283167337c46a063bd8b31350af) Importer(815301076,1909f56bfc062723c751e8b465ee728b)
Start importing Assets/SpaceUnity/Prefabs/SpaceSceneElements/Galaxy.prefab using Guid(8c5fc283167337c46a063bd8b31350af) Importer(815301076,1909f56bfc062723c751e8b465ee728b)  -> (artifact id: '42e754f7934a5ec9ae89a41896498993') in 0.045950 seconds 
  Import took 0.053469 seconds .

========================================================================
Received Import Request.
  Time since last request: 0.000672 seconds.
  path: Assets/SpaceUnity/Prefabs/SpaceSceneElements/SpaceScene.prefab
  artifactKey: Guid(7c56328cf0dd13e44a4ac3cd39f5683e) Importer(815301076,1909f56bfc062723c751e8b465ee728b)
Start importing Assets/SpaceUnity/Prefabs/SpaceSceneElements/SpaceScene.prefab using Guid(7c56328cf0dd13e44a4ac3cd39f5683e) Importer(815301076,1909f56bfc062723c751e8b465ee728b)  -> (artifact id: '17dcdc782f42e5d712e9ed1ab42172a2') in 0.027486 seconds 
  Import took 0.035908 seconds .

========================================================================
Received Import Request.
  Time since last request: 0.000708 seconds.
  path: Assets/SpaceUnity/Prefabs/SpaceSceneElements/PlanetHighPoly.prefab
  artifactKey: Guid(9783b65863602db41bda013272222888) Importer(815301076,1909f56bfc062723c751e8b465ee728b)
Start importing Assets/SpaceUnity/Prefabs/SpaceSceneElements/PlanetHighPoly.prefab using Guid(9783b65863602db41bda013272222888) Importer(815301076,1909f56bfc062723c751e8b465ee728b)  -> (artifact id: 'cbb7a22bed5331709d92308c82fc6257') in 0.383584 seconds 
  Import took 0.392287 seconds .

========================================================================
Received Import Request.
  Time since last request: 0.000890 seconds.
  path: Assets/SpaceUnity/Prefabs/SpaceSceneElements/LocalStarSmall.prefab
  artifactKey: Guid(dae3a69ba80cc1c45b07291a5e798cb2) Importer(815301076,1909f56bfc062723c751e8b465ee728b)
Start importing Assets/SpaceUnity/Prefabs/SpaceSceneElements/LocalStarSmall.prefab using Guid(dae3a69ba80cc1c45b07291a5e798cb2) Importer(815301076,1909f56bfc062723c751e8b465ee728b)  -> (artifact id: '97c22cc6f63d38d7e21d598425289358') in 0.156180 seconds 
  Import took 0.164662 seconds .

========================================================================
Received Import Request.
  Time since last request: 0.000689 seconds.
  path: Assets/SpaceUnity/Prefabs/SpaceSceneElements/Nebula.prefab
  artifactKey: Guid(64b387337361a134b9c28bc93d520798) Importer(815301076,1909f56bfc062723c751e8b465ee728b)
Start importing Assets/SpaceUnity/Prefabs/SpaceSceneElements/Nebula.prefab using Guid(64b387337361a134b9c28bc93d520798) Importer(815301076,1909f56bfc062723c751e8b465ee728b)  -> (artifact id: '6047fcc3021e3274d1d1bca4715fba34') in 0.132753 seconds 
  Import took 0.140118 seconds .

========================================================================
Received Import Request.
  Time since last request: 0.000689 seconds.
  path: Assets/SpaceUnity/Prefabs/SpaceSceneElements/SpaceCamera.prefab
  artifactKey: Guid(b7603d09fda257d45a953bbcdee642fd) Importer(815301076,1909f56bfc062723c751e8b465ee728b)
Start importing Assets/SpaceUnity/Prefabs/SpaceSceneElements/SpaceCamera.prefab using Guid(b7603d09fda257d45a953bbcdee642fd) Importer(815301076,1909f56bfc062723c751e8b465ee728b)  -> (artifact id: '9285050365bcf1115ff43f00126b9941') in 0.028491 seconds 
  Import took 0.037109 seconds .

========================================================================
Received Import Request.
  Time since last request: 0.000734 seconds.
  path: Assets/SpaceUnity/Prefabs/SpaceSceneElements/LocalStarLarge.prefab
  artifactKey: Guid(12362ab56fa7cdf42b392ae603c34f98) Importer(815301076,1909f56bfc062723c751e8b465ee728b)
Start importing Assets/SpaceUnity/Prefabs/SpaceSceneElements/LocalStarLarge.prefab using Guid(12362ab56fa7cdf42b392ae603c34f98) Importer(815301076,1909f56bfc062723c751e8b465ee728b)  -> (artifact id: '3f4765fa394c0900546dafb3447581aa') in 0.060602 seconds 
  Import took 0.070377 seconds .

========================================================================
Received Import Request.
  Time since last request: 0.000693 seconds.
  path: Assets/SpaceUnity/Prefabs/SpaceSceneElements/MoonHighPoly.prefab
  artifactKey: Guid(eb0d6295a5084b54ba4c2be339ea6b12) Importer(815301076,1909f56bfc062723c751e8b465ee728b)
Start importing Assets/SpaceUnity/Prefabs/SpaceSceneElements/MoonHighPoly.prefab using Guid(eb0d6295a5084b54ba4c2be339ea6b12) Importer(815301076,1909f56bfc062723c751e8b465ee728b)  -> (artifact id: '1ab33a1fda6e5c692ea354af632876fe') in 0.051126 seconds 
  Import took 0.059370 seconds .

========================================================================
Received Import Request.
  Time since last request: 6.529709 seconds.
  path: Assets/SpaceUnity/_Demo/Textures
  artifactKey: Guid(f05a29be7df02f04fb5d98f6630b4317) Importer(815301076,1909f56bfc062723c751e8b465ee728b)
Start importing Assets/SpaceUnity/_Demo/Textures using Guid(f05a29be7df02f04fb5d98f6630b4317) Importer(815301076,1909f56bfc062723c751e8b465ee728b)  -> (artifact id: '7e74514fa72e4a11ec5cf73c0877afc3') in 0.020959 seconds 
  Import took 0.029430 seconds .

========================================================================
Received Import Request.
  Time since last request: 1.635796 seconds.
  path: Assets/SpaceUnity/_Demo/Textures/Spaceship
  artifactKey: Guid(908a0238dabe97c4fb820b33ac65788a) Importer(815301076,1909f56bfc062723c751e8b465ee728b)
Start importing Assets/SpaceUnity/_Demo/Textures/Spaceship using Guid(908a0238dabe97c4fb820b33ac65788a) Importer(815301076,1909f56bfc062723c751e8b465ee728b)  -> (artifact id: '0ca6d5fa7b69cf03426b298c3a682ad3') in 0.021302 seconds 
  Import took 0.028251 seconds .

========================================================================
Received Import Request.
  Time since last request: 0.055462 seconds.
  path: Assets/SpaceUnity/_Demo/Textures/Spaceship/Engines-Diffuse-Specular-512.tif
  artifactKey: Guid(01dbe37c4f1531d41bdccaaca50edf0b) Importer(815301076,1909f56bfc062723c751e8b465ee728b)
Start importing Assets/SpaceUnity/_Demo/Textures/Spaceship/Engines-Diffuse-Specular-512.tif using Guid(01dbe37c4f1531d41bdccaaca50edf0b) Importer(815301076,1909f56bfc062723c751e8b465ee728b)  -> (artifact id: '4b6c2fd32d1940148d27692f2b63ede9') in 0.073599 seconds 
  Import took 0.082284 seconds .

========================================================================
Received Import Request.
  Time since last request: 0.000712 seconds.
  path: Assets/SpaceUnity/_Demo/Textures/Spaceship/Spaceship-Normals-1024.png
  artifactKey: Guid(712a08a38f988054881ac689b9c0cc66) Importer(815301076,1909f56bfc062723c751e8b465ee728b)
Start importing Assets/SpaceUnity/_Demo/Textures/Spaceship/Spaceship-Normals-1024.png using Guid(712a08a38f988054881ac689b9c0cc66) Importer(815301076,1909f56bfc062723c751e8b465ee728b)  -> (artifact id: 'f8af5e403d75daf3a72e620ee6e89fe5') in 0.236304 seconds 
  Import took 0.245110 seconds .

========================================================================
Received Import Request.
  Time since last request: 0.000830 seconds.
  path: Assets/SpaceUnity/_Demo/Textures/Spaceship/Spaceship-Diffuse-Specular-1024.tif
  artifactKey: Guid(c16977e2450e64f4fa8798ae10c61249) Importer(815301076,1909f56bfc062723c751e8b465ee728b)
Start importing Assets/SpaceUnity/_Demo/Textures/Spaceship/Spaceship-Diffuse-Specular-1024.tif using Guid(c16977e2450e64f4fa8798ae10c61249) Importer(815301076,1909f56bfc062723c751e8b465ee728b)  -> (artifact id: '4b73b8f84ffd9fe5dd0dab74d6bd0c48') in 0.052445 seconds 
  Import took 0.061627 seconds .

========================================================================
Received Import Request.
  Time since last request: 0.000636 seconds.
  path: Assets/SpaceUnity/_Demo/Textures/Spaceship/Engines-Normals-512.png
  artifactKey: Guid(2c29a8b9c0dc137449a50f2496627949) Importer(815301076,1909f56bfc062723c751e8b465ee728b)
Start importing Assets/SpaceUnity/_Demo/Textures/Spaceship/Engines-Normals-512.png using Guid(2c29a8b9c0dc137449a50f2496627949) Importer(815301076,1909f56bfc062723c751e8b465ee728b)  -> (artifact id: 'f4274edea430a2c2e4523a2b868efaaa') in 0.041944 seconds 
  Import took 0.049832 seconds .

========================================================================
Received Import Request.
  Time since last request: 5.616989 seconds.
  path: Assets/SpaceUnity/Meshes
  artifactKey: Guid(20108a286c68e9a458bc101c28e987e6) Importer(815301076,1909f56bfc062723c751e8b465ee728b)
Start importing Assets/SpaceUnity/Meshes using Guid(20108a286c68e9a458bc101c28e987e6) Importer(815301076,1909f56bfc062723c751e8b465ee728b)  -> (artifact id: '6ba2c59eb2c6c36540597dd9609dbe6a') in 0.106034 seconds 
  Import took 0.113282 seconds .

========================================================================
Received Import Request.
  Time since last request: 2.774732 seconds.
  path: Assets/SpaceUnity/Scripts
  artifactKey: Guid(83b9a782e6cae90498dc7169ac2af03e) Importer(815301076,1909f56bfc062723c751e8b465ee728b)
Start importing Assets/SpaceUnity/Scripts using Guid(83b9a782e6cae90498dc7169ac2af03e) Importer(815301076,1909f56bfc062723c751e8b465ee728b)  -> (artifact id: '2ff9eaa82ecebda4b942a22790277170') in 0.106712 seconds 
  Import took 0.113806 seconds .

========================================================================
Received Import Request.
  Time since last request: 2.846980 seconds.
  path: Assets/Scenes
  artifactKey: Guid(34843d6263b512041a91903d1f3dcc7a) Importer(815301076,1909f56bfc062723c751e8b465ee728b)
Start importing Assets/Scenes using Guid(34843d6263b512041a91903d1f3dcc7a) Importer(815301076,1909f56bfc062723c751e8b465ee728b)  -> (artifact id: 'feff7eecc95a9a7656008eb16312ef93') in 0.019041 seconds 
  Import took 0.114382 seconds .

========================================================================
Received Prepare
Registering precompiled user dll's ...
Registered in 0.012940 seconds.
Begin MonoManager ReloadAssembly
Native extension for WindowsStandalone target not found
Refreshing native plugins compatible for Editor in 1.37 ms, found 2 plugins.
Preloading 0 native plugins for Editor in 0.00 ms.
Mono: successfully reloaded assembly
- Completed reload, in  2.667 seconds
Domain Reload Profiling:
	ReloadAssembly (2668ms)
		BeginReloadAssembly (383ms)
			ExecutionOrderSort (0ms)
			DisableScriptedObjects (8ms)
			BackupInstance (0ms)
			ReleaseScriptingObjects (0ms)
			CreateAndSetChildDomain (90ms)
		EndReloadAssembly (2127ms)
			LoadAssemblies (356ms)
			RebuildTransferFunctionScriptingTraits (0ms)
			SetupTypeCache (650ms)
			ReleaseScriptCaches (2ms)
			RebuildScriptCaches (81ms)
			SetupLoadedEditorAssemblies (972ms)
				LogAssemblyErrors (0ms)
				InitializePlatformSupportModulesInManaged (18ms)
				SetLoadedEditorAssemblies (2ms)
				RefreshPlugins (2ms)
				BeforeProcessingInitializeOnLoad (210ms)
				ProcessInitializeOnLoadAttributes (688ms)
				ProcessInitializeOnLoadMethodAttributes (28ms)
				AfterProcessingInitializeOnLoad (24ms)
				EditorAssembliesLoaded (1ms)
			ExecutionOrderSort2 (0ms)
			AwakeInstancesAfterBackupRestoration (12ms)
Platform modules already initialized, skipping
Refreshing native plugins compatible for Editor in 1.44 ms, found 2 plugins.
Preloading 0 native plugins for Editor in 0.00 ms.
Unloading 1786 Unused Serialized files (Serialized files now loaded: 0)
System memory in use before: 92.9 MB.
System memory in use after: 93.0 MB.

Unloading 17 unused Assets to reduce memory usage. Loaded Objects now: 2284.
Total: 9.457100 ms (FindLiveObjects: 0.422000 ms CreateObjectMapping: 0.087500 ms MarkObjects: 8.860600 ms  DeleteObjects: 0.084200 ms)

AssetImportParameters requested are different than current active one (requested -> active):
  custom:framework-win-MediaFoundation: 216162199b28c13a410421893ffa2e32 -> 
  custom:video-decoder-ogg-theora: a1e56fd34408186e4bbccfd4996cb3dc -> 
  custom:container-muxer-webm: aa71ff27fc2769a1b78a27578f13a17b -> 
  custom:container-demuxer-webm: 4f35f7cbe854078d1ac9338744f61a02 -> 
  custom:container-demuxer-ogg: 62fdf1f143b41e24485cea50d1cbac27 -> 
  custom:video-encoder-webm-vp8: eb34c28f22e8b96e1ab97ce403110664 -> 
  custom:video-codec-MediaFoundation-h265: 746d11721c4dcdbdad8f713fa42b33f4 -> 
  custom:video-decoder-webm-vp8: 9c59270c3fd7afecdb556c50c9e8de78 -> 
  custom:audio-decoder-ogg-vorbis: bf7c407c2cedff20999df2af8eb42d56 -> 
  custom:audio-encoder-webm-vorbis: bf7c407c2cedff20999df2af8eb42d56 -> 
========================================================================
Received Import Request.
  Time since last request: 30.682893 seconds.
  path: Assets/VolumetricLines
  artifactKey: Guid(189d9ea88ef57b6499e045ac2dad6ab3) Importer(815301076,1909f56bfc062723c751e8b465ee728b)
Start importing Assets/VolumetricLines using Guid(189d9ea88ef57b6499e045ac2dad6ab3) Importer(815301076,1909f56bfc062723c751e8b465ee728b)  -> (artifact id: 'b38ff69bd090acdd9e432a9a4cc48eab') in 0.023736 seconds 
  Import took 0.030143 seconds .

========================================================================
Received Import Request.
  Time since last request: 8.941817 seconds.
  path: Assets/Photon
  artifactKey: Guid(98951132346795f438babe7a3183da43) Importer(815301076,1909f56bfc062723c751e8b465ee728b)
Start importing Assets/Photon using Guid(98951132346795f438babe7a3183da43) Importer(815301076,1909f56bfc062723c751e8b465ee728b)  -> (artifact id: 'f1844fb2484027392bdeedc942fd0b90') in 0.024396 seconds 
  Import took 0.122527 seconds .

========================================================================
Received Import Request.
  Time since last request: 2.162697 seconds.
  path: Assets/Scenes/Game.unity
  artifactKey: Guid(15ac9239e282ded4389eb82e27054d86) Importer(815301076,1909f56bfc062723c751e8b465ee728b)
Start importing Assets/Scenes/Game.unity using Guid(15ac9239e282ded4389eb82e27054d86) Importer(815301076,1909f56bfc062723c751e8b465ee728b)  -> (artifact id: '9d1aef9183155ef7550e2c77bc88a724') in 0.040492 seconds 
  Import took 0.047629 seconds .

AssetImportWorkerClient::OnTransportError - code=2 error=End of file
